Copyright 1986-2020 Xilinx, Inc. All Rights Reserved.
-----------------------------------------------------------------------------------------------------------------------------------------------------------------------------------------------------------------
| Tool Version : Vivado v.2020.1 (win64) Build 2902540 Wed May 27 19:54:49 MDT 2020
| Date         : Sat Sep 19 03:12:28 2020
| Host         : Kevin-II running 64-bit major release  (build 9200)
| Command      : report_timing_summary -max_paths 10 -file Seven_Seg_Mult_timing_summary_routed.rpt -pb Seven_Seg_Mult_timing_summary_routed.pb -rpx Seven_Seg_Mult_timing_summary_routed.rpx -warn_on_violation
| Design       : Seven_Seg_Mult
| Device       : 7a35t-cpg236
| Speed File   : -1  PRODUCTION 1.23 2018-06-13
-----------------------------------------------------------------------------------------------------------------------------------------------------------------------------------------------------------------

Timing Summary Report

------------------------------------------------------------------------------------------------
| Timer Settings
| --------------
------------------------------------------------------------------------------------------------

  Enable Multi Corner Analysis               :  Yes
  Enable Pessimism Removal                   :  Yes
  Pessimism Removal Resolution               :  Nearest Common Node
  Enable Input Delay Default Clock           :  No
  Enable Preset / Clear Arcs                 :  No
  Disable Flight Delays                      :  No
  Ignore I/O Paths                           :  No
  Timing Early Launch at Borrowing Latches   :  No
  Borrow Time for Max Delay Exceptions       :  Yes
  Merge Timing Exceptions                    :  Yes

  Corner  Analyze    Analyze    
  Name    Max Paths  Min Paths  
  ------  ---------  ---------  
  Slow    Yes        Yes        
  Fast    Yes        Yes        



check_timing report

Table of Contents
-----------------
1. checking no_clock (0)
2. checking constant_clock (0)
3. checking pulse_width_clock (0)
4. checking unconstrained_internal_endpoints (0)
5. checking no_input_delay (1)
6. checking no_output_delay (11)
7. checking multiple_clock (0)
8. checking generated_clocks (0)
9. checking loops (0)
10. checking partial_input_delay (0)
11. checking partial_output_delay (0)
12. checking latch_loops (0)

1. checking no_clock (0)
------------------------
 There are 0 register/latch pins with no clock.


2. checking constant_clock (0)
------------------------------
 There are 0 register/latch pins with constant_clock.


3. checking pulse_width_clock (0)
---------------------------------
 There are 0 register/latch pins which need pulse_width check


4. checking unconstrained_internal_endpoints (0)
------------------------------------------------
 There are 0 pins that are not constrained for maximum delay.

 There are 0 pins that are not constrained for maximum delay due to constant clock.


5. checking no_input_delay (1)
------------------------------
 There is 1 input port with no input delay specified. (HIGH)

 There are 0 input ports with no input delay but user has a false path constraint.


6. checking no_output_delay (11)
--------------------------------
 There are 11 ports with no output delay specified. (HIGH)

 There are 0 ports with no output delay but user has a false path constraint

 There are 0 ports with no output delay but with a timing clock defined on it or propagating through it


7. checking multiple_clock (0)
------------------------------
 There are 0 register/latch pins with multiple clocks.


8. checking generated_clocks (0)
--------------------------------
 There are 0 generated clocks that are not connected to a clock source.


9. checking loops (0)
---------------------
 There are 0 combinational loops in the design.


10. checking partial_input_delay (0)
------------------------------------
 There are 0 input ports with partial input delay specified.


11. checking partial_output_delay (0)
-------------------------------------
 There are 0 ports with partial output delay specified.


12. checking latch_loops (0)
----------------------------
 There are 0 combinational latch loops in the design through latch input



------------------------------------------------------------------------------------------------
| Design Timing Summary
| ---------------------
------------------------------------------------------------------------------------------------

    WNS(ns)      TNS(ns)  TNS Failing Endpoints  TNS Total Endpoints      WHS(ns)      THS(ns)  THS Failing Endpoints  THS Total Endpoints     WPWS(ns)     TPWS(ns)  TPWS Failing Endpoints  TPWS Total Endpoints  
    -------      -------  ---------------------  -------------------      -------      -------  ---------------------  -------------------     --------     --------  ----------------------  --------------------  
      7.431        0.000                      0                   18        0.324        0.000                      0                   18        4.500        0.000                       0                    19  


All user specified timing constraints are met.


------------------------------------------------------------------------------------------------
| Clock Summary
| -------------
------------------------------------------------------------------------------------------------

Clock        Waveform(ns)       Period(ns)      Frequency(MHz)
-----        ------------       ----------      --------------
sys_clk_pin  {0.000 5.000}      10.000          100.000         


------------------------------------------------------------------------------------------------
| Intra Clock Table
| -----------------
------------------------------------------------------------------------------------------------

Clock             WNS(ns)      TNS(ns)  TNS Failing Endpoints  TNS Total Endpoints      WHS(ns)      THS(ns)  THS Failing Endpoints  THS Total Endpoints     WPWS(ns)     TPWS(ns)  TPWS Failing Endpoints  TPWS Total Endpoints  
-----             -------      -------  ---------------------  -------------------      -------      -------  ---------------------  -------------------     --------     --------  ----------------------  --------------------  
sys_clk_pin         7.431        0.000                      0                   18        0.324        0.000                      0                   18        4.500        0.000                       0                    19  


------------------------------------------------------------------------------------------------
| Inter Clock Table
| -----------------
------------------------------------------------------------------------------------------------

From Clock    To Clock          WNS(ns)      TNS(ns)  TNS Failing Endpoints  TNS Total Endpoints      WHS(ns)      THS(ns)  THS Failing Endpoints  THS Total Endpoints  
----------    --------          -------      -------  ---------------------  -------------------      -------      -------  ---------------------  -------------------  


------------------------------------------------------------------------------------------------
| Other Path Groups Table
| -----------------------
------------------------------------------------------------------------------------------------

Path Group    From Clock    To Clock          WNS(ns)      TNS(ns)  TNS Failing Endpoints  TNS Total Endpoints      WHS(ns)      THS(ns)  THS Failing Endpoints  THS Total Endpoints  
----------    ----------    --------          -------      -------  ---------------------  -------------------      -------      -------  ---------------------  -------------------  


------------------------------------------------------------------------------------------------
| Timing Details
| --------------
------------------------------------------------------------------------------------------------


---------------------------------------------------------------------------------------------------
From Clock:  sys_clk_pin
  To Clock:  sys_clk_pin

Setup :            0  Failing Endpoints,  Worst Slack        7.431ns,  Total Violation        0.000ns
Hold  :            0  Failing Endpoints,  Worst Slack        0.324ns,  Total Violation        0.000ns
PW    :            0  Failing Endpoints,  Worst Slack        4.500ns,  Total Violation        0.000ns
---------------------------------------------------------------------------------------------------


Max Delay Paths
--------------------------------------------------------------------------------------
Slack (MET) :             7.431ns  (required time - arrival time)
  Source:                 count_reg[1]/C
                            (rising edge-triggered cell FDCE clocked by sys_clk_pin  {rise@0.000ns fall@5.000ns period=10.000ns})
  Destination:            count_reg[17]/D
                            (rising edge-triggered cell FDCE clocked by sys_clk_pin  {rise@0.000ns fall@5.000ns period=10.000ns})
  Path Group:             sys_clk_pin
  Path Type:              Setup (Max at Slow Process Corner)
  Requirement:            10.000ns  (sys_clk_pin rise@10.000ns - sys_clk_pin rise@0.000ns)
  Data Path Delay:        2.568ns  (logic 1.806ns (70.331%)  route 0.762ns (29.669%))
  Logic Levels:           5  (CARRY4=5)
  Clock Path Skew:        -0.028ns (DCD - SCD + CPR)
    Destination Clock Delay (DCD):    4.845ns = ( 14.845 - 10.000 ) 
    Source Clock Delay      (SCD):    5.147ns
    Clock Pessimism Removal (CPR):    0.274ns
  Clock Uncertainty:      0.035ns  ((TSJ^2 + TIJ^2)^1/2 + DJ) / 2 + PE
    Total System Jitter     (TSJ):    0.071ns
    Total Input Jitter      (TIJ):    0.000ns
    Discrete Jitter          (DJ):    0.000ns
    Phase Error              (PE):    0.000ns

    Location             Delay type                Incr(ns)  Path(ns)    Netlist Resource(s)
  -------------------------------------------------------------------    -------------------
                         (clock sys_clk_pin rise edge)
                                                      0.000     0.000 r  
    W5                                                0.000     0.000 r  clock (IN)
                         net (fo=0)                   0.000     0.000    clock
    W5                   IBUF (Prop_ibuf_I_O)         1.458     1.458 r  clock_IBUF_inst/O
                         net (fo=1, routed)           1.967     3.425    clock_IBUF
    BUFGCTRL_X0Y0        BUFG (Prop_bufg_I_O)         0.096     3.521 r  clock_IBUF_BUFG_inst/O
                         net (fo=18, routed)          1.626     5.147    clock_IBUF_BUFG
    SLICE_X0Y19          FDCE                                         r  count_reg[1]/C
  -------------------------------------------------------------------    -------------------
    SLICE_X0Y19          FDCE (Prop_fdce_C_Q)         0.456     5.603 r  count_reg[1]/Q
                         net (fo=1, routed)           0.762     6.365    count_reg_n_0_[1]
    SLICE_X0Y19          CARRY4 (Prop_carry4_S[1]_CO[3])
                                                      0.674     7.039 r  count_reg[0]_i_1/CO[3]
                         net (fo=1, routed)           0.000     7.039    count_reg[0]_i_1_n_0
    SLICE_X0Y20          CARRY4 (Prop_carry4_CI_CO[3])
                                                      0.114     7.153 r  count_reg[4]_i_1/CO[3]
                         net (fo=1, routed)           0.000     7.153    count_reg[4]_i_1_n_0
    SLICE_X0Y21          CARRY4 (Prop_carry4_CI_CO[3])
                                                      0.114     7.267 r  count_reg[8]_i_1/CO[3]
                         net (fo=1, routed)           0.000     7.267    count_reg[8]_i_1_n_0
    SLICE_X0Y22          CARRY4 (Prop_carry4_CI_CO[3])
                                                      0.114     7.381 r  count_reg[12]_i_1/CO[3]
                         net (fo=1, routed)           0.000     7.381    count_reg[12]_i_1_n_0
    SLICE_X0Y23          CARRY4 (Prop_carry4_CI_O[1])
                                                      0.334     7.715 r  count_reg[16]_i_1/O[1]
                         net (fo=1, routed)           0.000     7.715    count_reg[16]_i_1_n_6
    SLICE_X0Y23          FDCE                                         r  count_reg[17]/D
  -------------------------------------------------------------------    -------------------

                         (clock sys_clk_pin rise edge)
                                                     10.000    10.000 r  
    W5                                                0.000    10.000 r  clock (IN)
                         net (fo=0)                   0.000    10.000    clock
    W5                   IBUF (Prop_ibuf_I_O)         1.388    11.388 r  clock_IBUF_inst/O
                         net (fo=1, routed)           1.862    13.250    clock_IBUF
    BUFGCTRL_X0Y0        BUFG (Prop_bufg_I_O)         0.091    13.341 r  clock_IBUF_BUFG_inst/O
                         net (fo=18, routed)          1.504    14.845    clock_IBUF_BUFG
    SLICE_X0Y23          FDCE                                         r  count_reg[17]/C
                         clock pessimism              0.274    15.119    
                         clock uncertainty           -0.035    15.084    
    SLICE_X0Y23          FDCE (Setup_fdce_C_D)        0.062    15.146    count_reg[17]
  -------------------------------------------------------------------
                         required time                         15.146    
                         arrival time                          -7.715    
  -------------------------------------------------------------------
                         slack                                  7.431    

Slack (MET) :             7.542ns  (required time - arrival time)
  Source:                 count_reg[1]/C
                            (rising edge-triggered cell FDCE clocked by sys_clk_pin  {rise@0.000ns fall@5.000ns period=10.000ns})
  Destination:            count_reg[16]/D
                            (rising edge-triggered cell FDCE clocked by sys_clk_pin  {rise@0.000ns fall@5.000ns period=10.000ns})
  Path Group:             sys_clk_pin
  Path Type:              Setup (Max at Slow Process Corner)
  Requirement:            10.000ns  (sys_clk_pin rise@10.000ns - sys_clk_pin rise@0.000ns)
  Data Path Delay:        2.457ns  (logic 1.695ns (68.990%)  route 0.762ns (31.010%))
  Logic Levels:           5  (CARRY4=5)
  Clock Path Skew:        -0.028ns (DCD - SCD + CPR)
    Destination Clock Delay (DCD):    4.845ns = ( 14.845 - 10.000 ) 
    Source Clock Delay      (SCD):    5.147ns
    Clock Pessimism Removal (CPR):    0.274ns
  Clock Uncertainty:      0.035ns  ((TSJ^2 + TIJ^2)^1/2 + DJ) / 2 + PE
    Total System Jitter     (TSJ):    0.071ns
    Total Input Jitter      (TIJ):    0.000ns
    Discrete Jitter          (DJ):    0.000ns
    Phase Error              (PE):    0.000ns

    Location             Delay type                Incr(ns)  Path(ns)    Netlist Resource(s)
  -------------------------------------------------------------------    -------------------
                         (clock sys_clk_pin rise edge)
                                                      0.000     0.000 r  
    W5                                                0.000     0.000 r  clock (IN)
                         net (fo=0)                   0.000     0.000    clock
    W5                   IBUF (Prop_ibuf_I_O)         1.458     1.458 r  clock_IBUF_inst/O
                         net (fo=1, routed)           1.967     3.425    clock_IBUF
    BUFGCTRL_X0Y0        BUFG (Prop_bufg_I_O)         0.096     3.521 r  clock_IBUF_BUFG_inst/O
                         net (fo=18, routed)          1.626     5.147    clock_IBUF_BUFG
    SLICE_X0Y19          FDCE                                         r  count_reg[1]/C
  -------------------------------------------------------------------    -------------------
    SLICE_X0Y19          FDCE (Prop_fdce_C_Q)         0.456     5.603 r  count_reg[1]/Q
                         net (fo=1, routed)           0.762     6.365    count_reg_n_0_[1]
    SLICE_X0Y19          CARRY4 (Prop_carry4_S[1]_CO[3])
                                                      0.674     7.039 r  count_reg[0]_i_1/CO[3]
                         net (fo=1, routed)           0.000     7.039    count_reg[0]_i_1_n_0
    SLICE_X0Y20          CARRY4 (Prop_carry4_CI_CO[3])
                                                      0.114     7.153 r  count_reg[4]_i_1/CO[3]
                         net (fo=1, routed)           0.000     7.153    count_reg[4]_i_1_n_0
    SLICE_X0Y21          CARRY4 (Prop_carry4_CI_CO[3])
                                                      0.114     7.267 r  count_reg[8]_i_1/CO[3]
                         net (fo=1, routed)           0.000     7.267    count_reg[8]_i_1_n_0
    SLICE_X0Y22          CARRY4 (Prop_carry4_CI_CO[3])
                                                      0.114     7.381 r  count_reg[12]_i_1/CO[3]
                         net (fo=1, routed)           0.000     7.381    count_reg[12]_i_1_n_0
    SLICE_X0Y23          CARRY4 (Prop_carry4_CI_O[0])
                                                      0.223     7.604 r  count_reg[16]_i_1/O[0]
                         net (fo=1, routed)           0.000     7.604    count_reg[16]_i_1_n_7
    SLICE_X0Y23          FDCE                                         r  count_reg[16]/D
  -------------------------------------------------------------------    -------------------

                         (clock sys_clk_pin rise edge)
                                                     10.000    10.000 r  
    W5                                                0.000    10.000 r  clock (IN)
                         net (fo=0)                   0.000    10.000    clock
    W5                   IBUF (Prop_ibuf_I_O)         1.388    11.388 r  clock_IBUF_inst/O
                         net (fo=1, routed)           1.862    13.250    clock_IBUF
    BUFGCTRL_X0Y0        BUFG (Prop_bufg_I_O)         0.091    13.341 r  clock_IBUF_BUFG_inst/O
                         net (fo=18, routed)          1.504    14.845    clock_IBUF_BUFG
    SLICE_X0Y23          FDCE                                         r  count_reg[16]/C
                         clock pessimism              0.274    15.119    
                         clock uncertainty           -0.035    15.084    
    SLICE_X0Y23          FDCE (Setup_fdce_C_D)        0.062    15.146    count_reg[16]
  -------------------------------------------------------------------
                         required time                         15.146    
                         arrival time                          -7.604    
  -------------------------------------------------------------------
                         slack                                  7.542    

Slack (MET) :             7.546ns  (required time - arrival time)
  Source:                 count_reg[1]/C
                            (rising edge-triggered cell FDCE clocked by sys_clk_pin  {rise@0.000ns fall@5.000ns period=10.000ns})
  Destination:            count_reg[13]/D
                            (rising edge-triggered cell FDCE clocked by sys_clk_pin  {rise@0.000ns fall@5.000ns period=10.000ns})
  Path Group:             sys_clk_pin
  Path Type:              Setup (Max at Slow Process Corner)
  Requirement:            10.000ns  (sys_clk_pin rise@10.000ns - sys_clk_pin rise@0.000ns)
  Data Path Delay:        2.454ns  (logic 1.692ns (68.952%)  route 0.762ns (31.048%))
  Logic Levels:           4  (CARRY4=4)
  Clock Path Skew:        -0.027ns (DCD - SCD + CPR)
    Destination Clock Delay (DCD):    4.846ns = ( 14.846 - 10.000 ) 
    Source Clock Delay      (SCD):    5.147ns
    Clock Pessimism Removal (CPR):    0.274ns
  Clock Uncertainty:      0.035ns  ((TSJ^2 + TIJ^2)^1/2 + DJ) / 2 + PE
    Total System Jitter     (TSJ):    0.071ns
    Total Input Jitter      (TIJ):    0.000ns
    Discrete Jitter          (DJ):    0.000ns
    Phase Error              (PE):    0.000ns

    Location             Delay type                Incr(ns)  Path(ns)    Netlist Resource(s)
  -------------------------------------------------------------------    -------------------
                         (clock sys_clk_pin rise edge)
                                                      0.000     0.000 r  
    W5                                                0.000     0.000 r  clock (IN)
                         net (fo=0)                   0.000     0.000    clock
    W5                   IBUF (Prop_ibuf_I_O)         1.458     1.458 r  clock_IBUF_inst/O
                         net (fo=1, routed)           1.967     3.425    clock_IBUF
    BUFGCTRL_X0Y0        BUFG (Prop_bufg_I_O)         0.096     3.521 r  clock_IBUF_BUFG_inst/O
                         net (fo=18, routed)          1.626     5.147    clock_IBUF_BUFG
    SLICE_X0Y19          FDCE                                         r  count_reg[1]/C
  -------------------------------------------------------------------    -------------------
    SLICE_X0Y19          FDCE (Prop_fdce_C_Q)         0.456     5.603 r  count_reg[1]/Q
                         net (fo=1, routed)           0.762     6.365    count_reg_n_0_[1]
    SLICE_X0Y19          CARRY4 (Prop_carry4_S[1]_CO[3])
                                                      0.674     7.039 r  count_reg[0]_i_1/CO[3]
                         net (fo=1, routed)           0.000     7.039    count_reg[0]_i_1_n_0
    SLICE_X0Y20          CARRY4 (Prop_carry4_CI_CO[3])
                                                      0.114     7.153 r  count_reg[4]_i_1/CO[3]
                         net (fo=1, routed)           0.000     7.153    count_reg[4]_i_1_n_0
    SLICE_X0Y21          CARRY4 (Prop_carry4_CI_CO[3])
                                                      0.114     7.267 r  count_reg[8]_i_1/CO[3]
                         net (fo=1, routed)           0.000     7.267    count_reg[8]_i_1_n_0
    SLICE_X0Y22          CARRY4 (Prop_carry4_CI_O[1])
                                                      0.334     7.601 r  count_reg[12]_i_1/O[1]
                         net (fo=1, routed)           0.000     7.601    count_reg[12]_i_1_n_6
    SLICE_X0Y22          FDCE                                         r  count_reg[13]/D
  -------------------------------------------------------------------    -------------------

                         (clock sys_clk_pin rise edge)
                                                     10.000    10.000 r  
    W5                                                0.000    10.000 r  clock (IN)
                         net (fo=0)                   0.000    10.000    clock
    W5                   IBUF (Prop_ibuf_I_O)         1.388    11.388 r  clock_IBUF_inst/O
                         net (fo=1, routed)           1.862    13.250    clock_IBUF
    BUFGCTRL_X0Y0        BUFG (Prop_bufg_I_O)         0.091    13.341 r  clock_IBUF_BUFG_inst/O
                         net (fo=18, routed)          1.505    14.846    clock_IBUF_BUFG
    SLICE_X0Y22          FDCE                                         r  count_reg[13]/C
                         clock pessimism              0.274    15.120    
                         clock uncertainty           -0.035    15.085    
    SLICE_X0Y22          FDCE (Setup_fdce_C_D)        0.062    15.147    count_reg[13]
  -------------------------------------------------------------------
                         required time                         15.147    
                         arrival time                          -7.601    
  -------------------------------------------------------------------
                         slack                                  7.546    

Slack (MET) :             7.567ns  (required time - arrival time)
  Source:                 count_reg[1]/C
                            (rising edge-triggered cell FDCE clocked by sys_clk_pin  {rise@0.000ns fall@5.000ns period=10.000ns})
  Destination:            count_reg[15]/D
                            (rising edge-triggered cell FDCE clocked by sys_clk_pin  {rise@0.000ns fall@5.000ns period=10.000ns})
  Path Group:             sys_clk_pin
  Path Type:              Setup (Max at Slow Process Corner)
  Requirement:            10.000ns  (sys_clk_pin rise@10.000ns - sys_clk_pin rise@0.000ns)
  Data Path Delay:        2.433ns  (logic 1.671ns (68.684%)  route 0.762ns (31.316%))
  Logic Levels:           4  (CARRY4=4)
  Clock Path Skew:        -0.027ns (DCD - SCD + CPR)
    Destination Clock Delay (DCD):    4.846ns = ( 14.846 - 10.000 ) 
    Source Clock Delay      (SCD):    5.147ns
    Clock Pessimism Removal (CPR):    0.274ns
  Clock Uncertainty:      0.035ns  ((TSJ^2 + TIJ^2)^1/2 + DJ) / 2 + PE
    Total System Jitter     (TSJ):    0.071ns
    Total Input Jitter      (TIJ):    0.000ns
    Discrete Jitter          (DJ):    0.000ns
    Phase Error              (PE):    0.000ns

    Location             Delay type                Incr(ns)  Path(ns)    Netlist Resource(s)
  -------------------------------------------------------------------    -------------------
                         (clock sys_clk_pin rise edge)
                                                      0.000     0.000 r  
    W5                                                0.000     0.000 r  clock (IN)
                         net (fo=0)                   0.000     0.000    clock
    W5                   IBUF (Prop_ibuf_I_O)         1.458     1.458 r  clock_IBUF_inst/O
                         net (fo=1, routed)           1.967     3.425    clock_IBUF
    BUFGCTRL_X0Y0        BUFG (Prop_bufg_I_O)         0.096     3.521 r  clock_IBUF_BUFG_inst/O
                         net (fo=18, routed)          1.626     5.147    clock_IBUF_BUFG
    SLICE_X0Y19          FDCE                                         r  count_reg[1]/C
  -------------------------------------------------------------------    -------------------
    SLICE_X0Y19          FDCE (Prop_fdce_C_Q)         0.456     5.603 r  count_reg[1]/Q
                         net (fo=1, routed)           0.762     6.365    count_reg_n_0_[1]
    SLICE_X0Y19          CARRY4 (Prop_carry4_S[1]_CO[3])
                                                      0.674     7.039 r  count_reg[0]_i_1/CO[3]
                         net (fo=1, routed)           0.000     7.039    count_reg[0]_i_1_n_0
    SLICE_X0Y20          CARRY4 (Prop_carry4_CI_CO[3])
                                                      0.114     7.153 r  count_reg[4]_i_1/CO[3]
                         net (fo=1, routed)           0.000     7.153    count_reg[4]_i_1_n_0
    SLICE_X0Y21          CARRY4 (Prop_carry4_CI_CO[3])
                                                      0.114     7.267 r  count_reg[8]_i_1/CO[3]
                         net (fo=1, routed)           0.000     7.267    count_reg[8]_i_1_n_0
    SLICE_X0Y22          CARRY4 (Prop_carry4_CI_O[3])
                                                      0.313     7.580 r  count_reg[12]_i_1/O[3]
                         net (fo=1, routed)           0.000     7.580    count_reg[12]_i_1_n_4
    SLICE_X0Y22          FDCE                                         r  count_reg[15]/D
  -------------------------------------------------------------------    -------------------

                         (clock sys_clk_pin rise edge)
                                                     10.000    10.000 r  
    W5                                                0.000    10.000 r  clock (IN)
                         net (fo=0)                   0.000    10.000    clock
    W5                   IBUF (Prop_ibuf_I_O)         1.388    11.388 r  clock_IBUF_inst/O
                         net (fo=1, routed)           1.862    13.250    clock_IBUF
    BUFGCTRL_X0Y0        BUFG (Prop_bufg_I_O)         0.091    13.341 r  clock_IBUF_BUFG_inst/O
                         net (fo=18, routed)          1.505    14.846    clock_IBUF_BUFG
    SLICE_X0Y22          FDCE                                         r  count_reg[15]/C
                         clock pessimism              0.274    15.120    
                         clock uncertainty           -0.035    15.085    
    SLICE_X0Y22          FDCE (Setup_fdce_C_D)        0.062    15.147    count_reg[15]
  -------------------------------------------------------------------
                         required time                         15.147    
                         arrival time                          -7.580    
  -------------------------------------------------------------------
                         slack                                  7.567    

Slack (MET) :             7.641ns  (required time - arrival time)
  Source:                 count_reg[1]/C
                            (rising edge-triggered cell FDCE clocked by sys_clk_pin  {rise@0.000ns fall@5.000ns period=10.000ns})
  Destination:            count_reg[14]/D
                            (rising edge-triggered cell FDCE clocked by sys_clk_pin  {rise@0.000ns fall@5.000ns period=10.000ns})
  Path Group:             sys_clk_pin
  Path Type:              Setup (Max at Slow Process Corner)
  Requirement:            10.000ns  (sys_clk_pin rise@10.000ns - sys_clk_pin rise@0.000ns)
  Data Path Delay:        2.359ns  (logic 1.597ns (67.702%)  route 0.762ns (32.298%))
  Logic Levels:           4  (CARRY4=4)
  Clock Path Skew:        -0.027ns (DCD - SCD + CPR)
    Destination Clock Delay (DCD):    4.846ns = ( 14.846 - 10.000 ) 
    Source Clock Delay      (SCD):    5.147ns
    Clock Pessimism Removal (CPR):    0.274ns
  Clock Uncertainty:      0.035ns  ((TSJ^2 + TIJ^2)^1/2 + DJ) / 2 + PE
    Total System Jitter     (TSJ):    0.071ns
    Total Input Jitter      (TIJ):    0.000ns
    Discrete Jitter          (DJ):    0.000ns
    Phase Error              (PE):    0.000ns

    Location             Delay type                Incr(ns)  Path(ns)    Netlist Resource(s)
  -------------------------------------------------------------------    -------------------
                         (clock sys_clk_pin rise edge)
                                                      0.000     0.000 r  
    W5                                                0.000     0.000 r  clock (IN)
                         net (fo=0)                   0.000     0.000    clock
    W5                   IBUF (Prop_ibuf_I_O)         1.458     1.458 r  clock_IBUF_inst/O
                         net (fo=1, routed)           1.967     3.425    clock_IBUF
    BUFGCTRL_X0Y0        BUFG (Prop_bufg_I_O)         0.096     3.521 r  clock_IBUF_BUFG_inst/O
                         net (fo=18, routed)          1.626     5.147    clock_IBUF_BUFG
    SLICE_X0Y19          FDCE                                         r  count_reg[1]/C
  -------------------------------------------------------------------    -------------------
    SLICE_X0Y19          FDCE (Prop_fdce_C_Q)         0.456     5.603 r  count_reg[1]/Q
                         net (fo=1, routed)           0.762     6.365    count_reg_n_0_[1]
    SLICE_X0Y19          CARRY4 (Prop_carry4_S[1]_CO[3])
                                                      0.674     7.039 r  count_reg[0]_i_1/CO[3]
                         net (fo=1, routed)           0.000     7.039    count_reg[0]_i_1_n_0
    SLICE_X0Y20          CARRY4 (Prop_carry4_CI_CO[3])
                                                      0.114     7.153 r  count_reg[4]_i_1/CO[3]
                         net (fo=1, routed)           0.000     7.153    count_reg[4]_i_1_n_0
    SLICE_X0Y21          CARRY4 (Prop_carry4_CI_CO[3])
                                                      0.114     7.267 r  count_reg[8]_i_1/CO[3]
                         net (fo=1, routed)           0.000     7.267    count_reg[8]_i_1_n_0
    SLICE_X0Y22          CARRY4 (Prop_carry4_CI_O[2])
                                                      0.239     7.506 r  count_reg[12]_i_1/O[2]
                         net (fo=1, routed)           0.000     7.506    count_reg[12]_i_1_n_5
    SLICE_X0Y22          FDCE                                         r  count_reg[14]/D
  -------------------------------------------------------------------    -------------------

                         (clock sys_clk_pin rise edge)
                                                     10.000    10.000 r  
    W5                                                0.000    10.000 r  clock (IN)
                         net (fo=0)                   0.000    10.000    clock
    W5                   IBUF (Prop_ibuf_I_O)         1.388    11.388 r  clock_IBUF_inst/O
                         net (fo=1, routed)           1.862    13.250    clock_IBUF
    BUFGCTRL_X0Y0        BUFG (Prop_bufg_I_O)         0.091    13.341 r  clock_IBUF_BUFG_inst/O
                         net (fo=18, routed)          1.505    14.846    clock_IBUF_BUFG
    SLICE_X0Y22          FDCE                                         r  count_reg[14]/C
                         clock pessimism              0.274    15.120    
                         clock uncertainty           -0.035    15.085    
    SLICE_X0Y22          FDCE (Setup_fdce_C_D)        0.062    15.147    count_reg[14]
  -------------------------------------------------------------------
                         required time                         15.147    
                         arrival time                          -7.506    
  -------------------------------------------------------------------
                         slack                                  7.641    

Slack (MET) :             7.657ns  (required time - arrival time)
  Source:                 count_reg[1]/C
                            (rising edge-triggered cell FDCE clocked by sys_clk_pin  {rise@0.000ns fall@5.000ns period=10.000ns})
  Destination:            count_reg[12]/D
                            (rising edge-triggered cell FDCE clocked by sys_clk_pin  {rise@0.000ns fall@5.000ns period=10.000ns})
  Path Group:             sys_clk_pin
  Path Type:              Setup (Max at Slow Process Corner)
  Requirement:            10.000ns  (sys_clk_pin rise@10.000ns - sys_clk_pin rise@0.000ns)
  Data Path Delay:        2.343ns  (logic 1.581ns (67.481%)  route 0.762ns (32.519%))
  Logic Levels:           4  (CARRY4=4)
  Clock Path Skew:        -0.027ns (DCD - SCD + CPR)
    Destination Clock Delay (DCD):    4.846ns = ( 14.846 - 10.000 ) 
    Source Clock Delay      (SCD):    5.147ns
    Clock Pessimism Removal (CPR):    0.274ns
  Clock Uncertainty:      0.035ns  ((TSJ^2 + TIJ^2)^1/2 + DJ) / 2 + PE
    Total System Jitter     (TSJ):    0.071ns
    Total Input Jitter      (TIJ):    0.000ns
    Discrete Jitter          (DJ):    0.000ns
    Phase Error              (PE):    0.000ns

    Location             Delay type                Incr(ns)  Path(ns)    Netlist Resource(s)
  -------------------------------------------------------------------    -------------------
                         (clock sys_clk_pin rise edge)
                                                      0.000     0.000 r  
    W5                                                0.000     0.000 r  clock (IN)
                         net (fo=0)                   0.000     0.000    clock
    W5                   IBUF (Prop_ibuf_I_O)         1.458     1.458 r  clock_IBUF_inst/O
                         net (fo=1, routed)           1.967     3.425    clock_IBUF
    BUFGCTRL_X0Y0        BUFG (Prop_bufg_I_O)         0.096     3.521 r  clock_IBUF_BUFG_inst/O
                         net (fo=18, routed)          1.626     5.147    clock_IBUF_BUFG
    SLICE_X0Y19          FDCE                                         r  count_reg[1]/C
  -------------------------------------------------------------------    -------------------
    SLICE_X0Y19          FDCE (Prop_fdce_C_Q)         0.456     5.603 r  count_reg[1]/Q
                         net (fo=1, routed)           0.762     6.365    count_reg_n_0_[1]
    SLICE_X0Y19          CARRY4 (Prop_carry4_S[1]_CO[3])
                                                      0.674     7.039 r  count_reg[0]_i_1/CO[3]
                         net (fo=1, routed)           0.000     7.039    count_reg[0]_i_1_n_0
    SLICE_X0Y20          CARRY4 (Prop_carry4_CI_CO[3])
                                                      0.114     7.153 r  count_reg[4]_i_1/CO[3]
                         net (fo=1, routed)           0.000     7.153    count_reg[4]_i_1_n_0
    SLICE_X0Y21          CARRY4 (Prop_carry4_CI_CO[3])
                                                      0.114     7.267 r  count_reg[8]_i_1/CO[3]
                         net (fo=1, routed)           0.000     7.267    count_reg[8]_i_1_n_0
    SLICE_X0Y22          CARRY4 (Prop_carry4_CI_O[0])
                                                      0.223     7.490 r  count_reg[12]_i_1/O[0]
                         net (fo=1, routed)           0.000     7.490    count_reg[12]_i_1_n_7
    SLICE_X0Y22          FDCE                                         r  count_reg[12]/D
  -------------------------------------------------------------------    -------------------

                         (clock sys_clk_pin rise edge)
                                                     10.000    10.000 r  
    W5                                                0.000    10.000 r  clock (IN)
                         net (fo=0)                   0.000    10.000    clock
    W5                   IBUF (Prop_ibuf_I_O)         1.388    11.388 r  clock_IBUF_inst/O
                         net (fo=1, routed)           1.862    13.250    clock_IBUF
    BUFGCTRL_X0Y0        BUFG (Prop_bufg_I_O)         0.091    13.341 r  clock_IBUF_BUFG_inst/O
                         net (fo=18, routed)          1.505    14.846    clock_IBUF_BUFG
    SLICE_X0Y22          FDCE                                         r  count_reg[12]/C
                         clock pessimism              0.274    15.120    
                         clock uncertainty           -0.035    15.085    
    SLICE_X0Y22          FDCE (Setup_fdce_C_D)        0.062    15.147    count_reg[12]
  -------------------------------------------------------------------
                         required time                         15.147    
                         arrival time                          -7.490    
  -------------------------------------------------------------------
                         slack                                  7.657    

Slack (MET) :             7.662ns  (required time - arrival time)
  Source:                 count_reg[1]/C
                            (rising edge-triggered cell FDCE clocked by sys_clk_pin  {rise@0.000ns fall@5.000ns period=10.000ns})
  Destination:            count_reg[9]/D
                            (rising edge-triggered cell FDCE clocked by sys_clk_pin  {rise@0.000ns fall@5.000ns period=10.000ns})
  Path Group:             sys_clk_pin
  Path Type:              Setup (Max at Slow Process Corner)
  Requirement:            10.000ns  (sys_clk_pin rise@10.000ns - sys_clk_pin rise@0.000ns)
  Data Path Delay:        2.340ns  (logic 1.578ns (67.440%)  route 0.762ns (32.560%))
  Logic Levels:           3  (CARRY4=3)
  Clock Path Skew:        -0.025ns (DCD - SCD + CPR)
    Destination Clock Delay (DCD):    4.848ns = ( 14.848 - 10.000 ) 
    Source Clock Delay      (SCD):    5.147ns
    Clock Pessimism Removal (CPR):    0.274ns
  Clock Uncertainty:      0.035ns  ((TSJ^2 + TIJ^2)^1/2 + DJ) / 2 + PE
    Total System Jitter     (TSJ):    0.071ns
    Total Input Jitter      (TIJ):    0.000ns
    Discrete Jitter          (DJ):    0.000ns
    Phase Error              (PE):    0.000ns

    Location             Delay type                Incr(ns)  Path(ns)    Netlist Resource(s)
  -------------------------------------------------------------------    -------------------
                         (clock sys_clk_pin rise edge)
                                                      0.000     0.000 r  
    W5                                                0.000     0.000 r  clock (IN)
                         net (fo=0)                   0.000     0.000    clock
    W5                   IBUF (Prop_ibuf_I_O)         1.458     1.458 r  clock_IBUF_inst/O
                         net (fo=1, routed)           1.967     3.425    clock_IBUF
    BUFGCTRL_X0Y0        BUFG (Prop_bufg_I_O)         0.096     3.521 r  clock_IBUF_BUFG_inst/O
                         net (fo=18, routed)          1.626     5.147    clock_IBUF_BUFG
    SLICE_X0Y19          FDCE                                         r  count_reg[1]/C
  -------------------------------------------------------------------    -------------------
    SLICE_X0Y19          FDCE (Prop_fdce_C_Q)         0.456     5.603 r  count_reg[1]/Q
                         net (fo=1, routed)           0.762     6.365    count_reg_n_0_[1]
    SLICE_X0Y19          CARRY4 (Prop_carry4_S[1]_CO[3])
                                                      0.674     7.039 r  count_reg[0]_i_1/CO[3]
                         net (fo=1, routed)           0.000     7.039    count_reg[0]_i_1_n_0
    SLICE_X0Y20          CARRY4 (Prop_carry4_CI_CO[3])
                                                      0.114     7.153 r  count_reg[4]_i_1/CO[3]
                         net (fo=1, routed)           0.000     7.153    count_reg[4]_i_1_n_0
    SLICE_X0Y21          CARRY4 (Prop_carry4_CI_O[1])
                                                      0.334     7.487 r  count_reg[8]_i_1/O[1]
                         net (fo=1, routed)           0.000     7.487    count_reg[8]_i_1_n_6
    SLICE_X0Y21          FDCE                                         r  count_reg[9]/D
  -------------------------------------------------------------------    -------------------

                         (clock sys_clk_pin rise edge)
                                                     10.000    10.000 r  
    W5                                                0.000    10.000 r  clock (IN)
                         net (fo=0)                   0.000    10.000    clock
    W5                   IBUF (Prop_ibuf_I_O)         1.388    11.388 r  clock_IBUF_inst/O
                         net (fo=1, routed)           1.862    13.250    clock_IBUF
    BUFGCTRL_X0Y0        BUFG (Prop_bufg_I_O)         0.091    13.341 r  clock_IBUF_BUFG_inst/O
                         net (fo=18, routed)          1.507    14.848    clock_IBUF_BUFG
    SLICE_X0Y21          FDCE                                         r  count_reg[9]/C
                         clock pessimism              0.274    15.122    
                         clock uncertainty           -0.035    15.087    
    SLICE_X0Y21          FDCE (Setup_fdce_C_D)        0.062    15.149    count_reg[9]
  -------------------------------------------------------------------
                         required time                         15.149    
                         arrival time                          -7.487    
  -------------------------------------------------------------------
                         slack                                  7.662    

Slack (MET) :             7.683ns  (required time - arrival time)
  Source:                 count_reg[1]/C
                            (rising edge-triggered cell FDCE clocked by sys_clk_pin  {rise@0.000ns fall@5.000ns period=10.000ns})
  Destination:            count_reg[11]/D
                            (rising edge-triggered cell FDCE clocked by sys_clk_pin  {rise@0.000ns fall@5.000ns period=10.000ns})
  Path Group:             sys_clk_pin
  Path Type:              Setup (Max at Slow Process Corner)
  Requirement:            10.000ns  (sys_clk_pin rise@10.000ns - sys_clk_pin rise@0.000ns)
  Data Path Delay:        2.319ns  (logic 1.557ns (67.145%)  route 0.762ns (32.855%))
  Logic Levels:           3  (CARRY4=3)
  Clock Path Skew:        -0.025ns (DCD - SCD + CPR)
    Destination Clock Delay (DCD):    4.848ns = ( 14.848 - 10.000 ) 
    Source Clock Delay      (SCD):    5.147ns
    Clock Pessimism Removal (CPR):    0.274ns
  Clock Uncertainty:      0.035ns  ((TSJ^2 + TIJ^2)^1/2 + DJ) / 2 + PE
    Total System Jitter     (TSJ):    0.071ns
    Total Input Jitter      (TIJ):    0.000ns
    Discrete Jitter          (DJ):    0.000ns
    Phase Error              (PE):    0.000ns

    Location             Delay type                Incr(ns)  Path(ns)    Netlist Resource(s)
  -------------------------------------------------------------------    -------------------
                         (clock sys_clk_pin rise edge)
                                                      0.000     0.000 r  
    W5                                                0.000     0.000 r  clock (IN)
                         net (fo=0)                   0.000     0.000    clock
    W5                   IBUF (Prop_ibuf_I_O)         1.458     1.458 r  clock_IBUF_inst/O
                         net (fo=1, routed)           1.967     3.425    clock_IBUF
    BUFGCTRL_X0Y0        BUFG (Prop_bufg_I_O)         0.096     3.521 r  clock_IBUF_BUFG_inst/O
                         net (fo=18, routed)          1.626     5.147    clock_IBUF_BUFG
    SLICE_X0Y19          FDCE                                         r  count_reg[1]/C
  -------------------------------------------------------------------    -------------------
    SLICE_X0Y19          FDCE (Prop_fdce_C_Q)         0.456     5.603 r  count_reg[1]/Q
                         net (fo=1, routed)           0.762     6.365    count_reg_n_0_[1]
    SLICE_X0Y19          CARRY4 (Prop_carry4_S[1]_CO[3])
                                                      0.674     7.039 r  count_reg[0]_i_1/CO[3]
                         net (fo=1, routed)           0.000     7.039    count_reg[0]_i_1_n_0
    SLICE_X0Y20          CARRY4 (Prop_carry4_CI_CO[3])
                                                      0.114     7.153 r  count_reg[4]_i_1/CO[3]
                         net (fo=1, routed)           0.000     7.153    count_reg[4]_i_1_n_0
    SLICE_X0Y21          CARRY4 (Prop_carry4_CI_O[3])
                                                      0.313     7.466 r  count_reg[8]_i_1/O[3]
                         net (fo=1, routed)           0.000     7.466    count_reg[8]_i_1_n_4
    SLICE_X0Y21          FDCE                                         r  count_reg[11]/D
  -------------------------------------------------------------------    -------------------

                         (clock sys_clk_pin rise edge)
                                                     10.000    10.000 r  
    W5                                                0.000    10.000 r  clock (IN)
                         net (fo=0)                   0.000    10.000    clock
    W5                   IBUF (Prop_ibuf_I_O)         1.388    11.388 r  clock_IBUF_inst/O
                         net (fo=1, routed)           1.862    13.250    clock_IBUF
    BUFGCTRL_X0Y0        BUFG (Prop_bufg_I_O)         0.091    13.341 r  clock_IBUF_BUFG_inst/O
                         net (fo=18, routed)          1.507    14.848    clock_IBUF_BUFG
    SLICE_X0Y21          FDCE                                         r  count_reg[11]/C
                         clock pessimism              0.274    15.122    
                         clock uncertainty           -0.035    15.087    
    SLICE_X0Y21          FDCE (Setup_fdce_C_D)        0.062    15.149    count_reg[11]
  -------------------------------------------------------------------
                         required time                         15.149    
                         arrival time                          -7.466    
  -------------------------------------------------------------------
                         slack                                  7.683    

Slack (MET) :             7.757ns  (required time - arrival time)
  Source:                 count_reg[1]/C
                            (rising edge-triggered cell FDCE clocked by sys_clk_pin  {rise@0.000ns fall@5.000ns period=10.000ns})
  Destination:            count_reg[10]/D
                            (rising edge-triggered cell FDCE clocked by sys_clk_pin  {rise@0.000ns fall@5.000ns period=10.000ns})
  Path Group:             sys_clk_pin
  Path Type:              Setup (Max at Slow Process Corner)
  Requirement:            10.000ns  (sys_clk_pin rise@10.000ns - sys_clk_pin rise@0.000ns)
  Data Path Delay:        2.245ns  (logic 1.483ns (66.062%)  route 0.762ns (33.938%))
  Logic Levels:           3  (CARRY4=3)
  Clock Path Skew:        -0.025ns (DCD - SCD + CPR)
    Destination Clock Delay (DCD):    4.848ns = ( 14.848 - 10.000 ) 
    Source Clock Delay      (SCD):    5.147ns
    Clock Pessimism Removal (CPR):    0.274ns
  Clock Uncertainty:      0.035ns  ((TSJ^2 + TIJ^2)^1/2 + DJ) / 2 + PE
    Total System Jitter     (TSJ):    0.071ns
    Total Input Jitter      (TIJ):    0.000ns
    Discrete Jitter          (DJ):    0.000ns
    Phase Error              (PE):    0.000ns

    Location             Delay type                Incr(ns)  Path(ns)    Netlist Resource(s)
  -------------------------------------------------------------------    -------------------
                         (clock sys_clk_pin rise edge)
                                                      0.000     0.000 r  
    W5                                                0.000     0.000 r  clock (IN)
                         net (fo=0)                   0.000     0.000    clock
    W5                   IBUF (Prop_ibuf_I_O)         1.458     1.458 r  clock_IBUF_inst/O
                         net (fo=1, routed)           1.967     3.425    clock_IBUF
    BUFGCTRL_X0Y0        BUFG (Prop_bufg_I_O)         0.096     3.521 r  clock_IBUF_BUFG_inst/O
                         net (fo=18, routed)          1.626     5.147    clock_IBUF_BUFG
    SLICE_X0Y19          FDCE                                         r  count_reg[1]/C
  -------------------------------------------------------------------    -------------------
    SLICE_X0Y19          FDCE (Prop_fdce_C_Q)         0.456     5.603 r  count_reg[1]/Q
                         net (fo=1, routed)           0.762     6.365    count_reg_n_0_[1]
    SLICE_X0Y19          CARRY4 (Prop_carry4_S[1]_CO[3])
                                                      0.674     7.039 r  count_reg[0]_i_1/CO[3]
                         net (fo=1, routed)           0.000     7.039    count_reg[0]_i_1_n_0
    SLICE_X0Y20          CARRY4 (Prop_carry4_CI_CO[3])
                                                      0.114     7.153 r  count_reg[4]_i_1/CO[3]
                         net (fo=1, routed)           0.000     7.153    count_reg[4]_i_1_n_0
    SLICE_X0Y21          CARRY4 (Prop_carry4_CI_O[2])
                                                      0.239     7.392 r  count_reg[8]_i_1/O[2]
                         net (fo=1, routed)           0.000     7.392    count_reg[8]_i_1_n_5
    SLICE_X0Y21          FDCE                                         r  count_reg[10]/D
  -------------------------------------------------------------------    -------------------

                         (clock sys_clk_pin rise edge)
                                                     10.000    10.000 r  
    W5                                                0.000    10.000 r  clock (IN)
                         net (fo=0)                   0.000    10.000    clock
    W5                   IBUF (Prop_ibuf_I_O)         1.388    11.388 r  clock_IBUF_inst/O
                         net (fo=1, routed)           1.862    13.250    clock_IBUF
    BUFGCTRL_X0Y0        BUFG (Prop_bufg_I_O)         0.091    13.341 r  clock_IBUF_BUFG_inst/O
                         net (fo=18, routed)          1.507    14.848    clock_IBUF_BUFG
    SLICE_X0Y21          FDCE                                         r  count_reg[10]/C
                         clock pessimism              0.274    15.122    
                         clock uncertainty           -0.035    15.087    
    SLICE_X0Y21          FDCE (Setup_fdce_C_D)        0.062    15.149    count_reg[10]
  -------------------------------------------------------------------
                         required time                         15.149    
                         arrival time                          -7.392    
  -------------------------------------------------------------------
                         slack                                  7.757    

Slack (MET) :             7.773ns  (required time - arrival time)
  Source:                 count_reg[1]/C
                            (rising edge-triggered cell FDCE clocked by sys_clk_pin  {rise@0.000ns fall@5.000ns period=10.000ns})
  Destination:            count_reg[8]/D
                            (rising edge-triggered cell FDCE clocked by sys_clk_pin  {rise@0.000ns fall@5.000ns period=10.000ns})
  Path Group:             sys_clk_pin
  Path Type:              Setup (Max at Slow Process Corner)
  Requirement:            10.000ns  (sys_clk_pin rise@10.000ns - sys_clk_pin rise@0.000ns)
  Data Path Delay:        2.229ns  (logic 1.467ns (65.818%)  route 0.762ns (34.182%))
  Logic Levels:           3  (CARRY4=3)
  Clock Path Skew:        -0.025ns (DCD - SCD + CPR)
    Destination Clock Delay (DCD):    4.848ns = ( 14.848 - 10.000 ) 
    Source Clock Delay      (SCD):    5.147ns
    Clock Pessimism Removal (CPR):    0.274ns
  Clock Uncertainty:      0.035ns  ((TSJ^2 + TIJ^2)^1/2 + DJ) / 2 + PE
    Total System Jitter     (TSJ):    0.071ns
    Total Input Jitter      (TIJ):    0.000ns
    Discrete Jitter          (DJ):    0.000ns
    Phase Error              (PE):    0.000ns

    Location             Delay type                Incr(ns)  Path(ns)    Netlist Resource(s)
  -------------------------------------------------------------------    -------------------
                         (clock sys_clk_pin rise edge)
                                                      0.000     0.000 r  
    W5                                                0.000     0.000 r  clock (IN)
                         net (fo=0)                   0.000     0.000    clock
    W5                   IBUF (Prop_ibuf_I_O)         1.458     1.458 r  clock_IBUF_inst/O
                         net (fo=1, routed)           1.967     3.425    clock_IBUF
    BUFGCTRL_X0Y0        BUFG (Prop_bufg_I_O)         0.096     3.521 r  clock_IBUF_BUFG_inst/O
                         net (fo=18, routed)          1.626     5.147    clock_IBUF_BUFG
    SLICE_X0Y19          FDCE                                         r  count_reg[1]/C
  -------------------------------------------------------------------    -------------------
    SLICE_X0Y19          FDCE (Prop_fdce_C_Q)         0.456     5.603 r  count_reg[1]/Q
                         net (fo=1, routed)           0.762     6.365    count_reg_n_0_[1]
    SLICE_X0Y19          CARRY4 (Prop_carry4_S[1]_CO[3])
                                                      0.674     7.039 r  count_reg[0]_i_1/CO[3]
                         net (fo=1, routed)           0.000     7.039    count_reg[0]_i_1_n_0
    SLICE_X0Y20          CARRY4 (Prop_carry4_CI_CO[3])
                                                      0.114     7.153 r  count_reg[4]_i_1/CO[3]
                         net (fo=1, routed)           0.000     7.153    count_reg[4]_i_1_n_0
    SLICE_X0Y21          CARRY4 (Prop_carry4_CI_O[0])
                                                      0.223     7.376 r  count_reg[8]_i_1/O[0]
                         net (fo=1, routed)           0.000     7.376    count_reg[8]_i_1_n_7
    SLICE_X0Y21          FDCE                                         r  count_reg[8]/D
  -------------------------------------------------------------------    -------------------

                         (clock sys_clk_pin rise edge)
                                                     10.000    10.000 r  
    W5                                                0.000    10.000 r  clock (IN)
                         net (fo=0)                   0.000    10.000    clock
    W5                   IBUF (Prop_ibuf_I_O)         1.388    11.388 r  clock_IBUF_inst/O
                         net (fo=1, routed)           1.862    13.250    clock_IBUF
    BUFGCTRL_X0Y0        BUFG (Prop_bufg_I_O)         0.091    13.341 r  clock_IBUF_BUFG_inst/O
                         net (fo=18, routed)          1.507    14.848    clock_IBUF_BUFG
    SLICE_X0Y21          FDCE                                         r  count_reg[8]/C
                         clock pessimism              0.274    15.122    
                         clock uncertainty           -0.035    15.087    
    SLICE_X0Y21          FDCE (Setup_fdce_C_D)        0.062    15.149    count_reg[8]
  -------------------------------------------------------------------
                         required time                         15.149    
                         arrival time                          -7.376    
  -------------------------------------------------------------------
                         slack                                  7.773    





Min Delay Paths
--------------------------------------------------------------------------------------
Slack (MET) :             0.324ns  (arrival time - required time)
  Source:                 count_reg[0]/C
                            (rising edge-triggered cell FDCE clocked by sys_clk_pin  {rise@0.000ns fall@5.000ns period=10.000ns})
  Destination:            count_reg[0]/D
                            (rising edge-triggered cell FDCE clocked by sys_clk_pin  {rise@0.000ns fall@5.000ns period=10.000ns})
  Path Group:             sys_clk_pin
  Path Type:              Hold (Min at Fast Process Corner)
  Requirement:            0.000ns  (sys_clk_pin rise@0.000ns - sys_clk_pin rise@0.000ns)
  Data Path Delay:        0.429ns  (logic 0.256ns (59.730%)  route 0.173ns (40.270%))
  Logic Levels:           2  (CARRY4=1 LUT1=1)
  Clock Path Skew:        0.000ns (DCD - SCD - CPR)
    Destination Clock Delay (DCD):    1.983ns
    Source Clock Delay      (SCD):    1.470ns
    Clock Pessimism Removal (CPR):    0.513ns

    Location             Delay type                Incr(ns)  Path(ns)    Netlist Resource(s)
  -------------------------------------------------------------------    -------------------
                         (clock sys_clk_pin rise edge)
                                                      0.000     0.000 r  
    W5                                                0.000     0.000 r  clock (IN)
                         net (fo=0)                   0.000     0.000    clock
    W5                   IBUF (Prop_ibuf_I_O)         0.226     0.226 r  clock_IBUF_inst/O
                         net (fo=1, routed)           0.631     0.858    clock_IBUF
    BUFGCTRL_X0Y0        BUFG (Prop_bufg_I_O)         0.026     0.884 r  clock_IBUF_BUFG_inst/O
                         net (fo=18, routed)          0.587     1.470    clock_IBUF_BUFG
    SLICE_X0Y19          FDCE                                         r  count_reg[0]/C
  -------------------------------------------------------------------    -------------------
    SLICE_X0Y19          FDCE (Prop_fdce_C_Q)         0.141     1.611 f  count_reg[0]/Q
                         net (fo=1, routed)           0.173     1.784    count_reg_n_0_[0]
    SLICE_X0Y19          LUT1 (Prop_lut1_I0_O)        0.045     1.829 r  count[0]_i_2/O
                         net (fo=1, routed)           0.000     1.829    count[0]_i_2_n_0
    SLICE_X0Y19          CARRY4 (Prop_carry4_S[0]_O[0])
                                                      0.070     1.899 r  count_reg[0]_i_1/O[0]
                         net (fo=1, routed)           0.000     1.899    count_reg[0]_i_1_n_7
    SLICE_X0Y19          FDCE                                         r  count_reg[0]/D
  -------------------------------------------------------------------    -------------------

                         (clock sys_clk_pin rise edge)
                                                      0.000     0.000 r  
    W5                                                0.000     0.000 r  clock (IN)
                         net (fo=0)                   0.000     0.000    clock
    W5                   IBUF (Prop_ibuf_I_O)         0.414     0.414 r  clock_IBUF_inst/O
                         net (fo=1, routed)           0.685     1.099    clock_IBUF
    BUFGCTRL_X0Y0        BUFG (Prop_bufg_I_O)         0.029     1.128 r  clock_IBUF_BUFG_inst/O
                         net (fo=18, routed)          0.856     1.983    clock_IBUF_BUFG
    SLICE_X0Y19          FDCE                                         r  count_reg[0]/C
                         clock pessimism             -0.513     1.470    
    SLICE_X0Y19          FDCE (Hold_fdce_C_D)         0.105     1.575    count_reg[0]
  -------------------------------------------------------------------
                         required time                         -1.575    
                         arrival time                           1.899    
  -------------------------------------------------------------------
                         slack                                  0.324    

Slack (MET) :             0.327ns  (arrival time - required time)
  Source:                 count_reg[12]/C
                            (rising edge-triggered cell FDCE clocked by sys_clk_pin  {rise@0.000ns fall@5.000ns period=10.000ns})
  Destination:            count_reg[12]/D
                            (rising edge-triggered cell FDCE clocked by sys_clk_pin  {rise@0.000ns fall@5.000ns period=10.000ns})
  Path Group:             sys_clk_pin
  Path Type:              Hold (Min at Fast Process Corner)
  Requirement:            0.000ns  (sys_clk_pin rise@0.000ns - sys_clk_pin rise@0.000ns)
  Data Path Delay:        0.432ns  (logic 0.256ns (59.199%)  route 0.176ns (40.801%))
  Logic Levels:           1  (CARRY4=1)
  Clock Path Skew:        0.000ns (DCD - SCD - CPR)
    Destination Clock Delay (DCD):    1.980ns
    Source Clock Delay      (SCD):    1.468ns
    Clock Pessimism Removal (CPR):    0.512ns

    Location             Delay type                Incr(ns)  Path(ns)    Netlist Resource(s)
  -------------------------------------------------------------------    -------------------
                         (clock sys_clk_pin rise edge)
                                                      0.000     0.000 r  
    W5                                                0.000     0.000 r  clock (IN)
                         net (fo=0)                   0.000     0.000    clock
    W5                   IBUF (Prop_ibuf_I_O)         0.226     0.226 r  clock_IBUF_inst/O
                         net (fo=1, routed)           0.631     0.858    clock_IBUF
    BUFGCTRL_X0Y0        BUFG (Prop_bufg_I_O)         0.026     0.884 r  clock_IBUF_BUFG_inst/O
                         net (fo=18, routed)          0.585     1.468    clock_IBUF_BUFG
    SLICE_X0Y22          FDCE                                         r  count_reg[12]/C
  -------------------------------------------------------------------    -------------------
    SLICE_X0Y22          FDCE (Prop_fdce_C_Q)         0.141     1.609 r  count_reg[12]/Q
                         net (fo=1, routed)           0.176     1.786    count_reg_n_0_[12]
    SLICE_X0Y22          CARRY4 (Prop_carry4_S[0]_O[0])
                                                      0.115     1.901 r  count_reg[12]_i_1/O[0]
                         net (fo=1, routed)           0.000     1.901    count_reg[12]_i_1_n_7
    SLICE_X0Y22          FDCE                                         r  count_reg[12]/D
  -------------------------------------------------------------------    -------------------

                         (clock sys_clk_pin rise edge)
                                                      0.000     0.000 r  
    W5                                                0.000     0.000 r  clock (IN)
                         net (fo=0)                   0.000     0.000    clock
    W5                   IBUF (Prop_ibuf_I_O)         0.414     0.414 r  clock_IBUF_inst/O
                         net (fo=1, routed)           0.685     1.099    clock_IBUF
    BUFGCTRL_X0Y0        BUFG (Prop_bufg_I_O)         0.029     1.128 r  clock_IBUF_BUFG_inst/O
                         net (fo=18, routed)          0.853     1.980    clock_IBUF_BUFG
    SLICE_X0Y22          FDCE                                         r  count_reg[12]/C
                         clock pessimism             -0.512     1.468    
    SLICE_X0Y22          FDCE (Hold_fdce_C_D)         0.105     1.573    count_reg[12]
  -------------------------------------------------------------------
                         required time                         -1.573    
                         arrival time                           1.901    
  -------------------------------------------------------------------
                         slack                                  0.327    

Slack (MET) :             0.327ns  (arrival time - required time)
  Source:                 count_reg[8]/C
                            (rising edge-triggered cell FDCE clocked by sys_clk_pin  {rise@0.000ns fall@5.000ns period=10.000ns})
  Destination:            count_reg[8]/D
                            (rising edge-triggered cell FDCE clocked by sys_clk_pin  {rise@0.000ns fall@5.000ns period=10.000ns})
  Path Group:             sys_clk_pin
  Path Type:              Hold (Min at Fast Process Corner)
  Requirement:            0.000ns  (sys_clk_pin rise@0.000ns - sys_clk_pin rise@0.000ns)
  Data Path Delay:        0.432ns  (logic 0.256ns (59.199%)  route 0.176ns (40.801%))
  Logic Levels:           1  (CARRY4=1)
  Clock Path Skew:        0.000ns (DCD - SCD - CPR)
    Destination Clock Delay (DCD):    1.981ns
    Source Clock Delay      (SCD):    1.468ns
    Clock Pessimism Removal (CPR):    0.513ns

    Location             Delay type                Incr(ns)  Path(ns)    Netlist Resource(s)
  -------------------------------------------------------------------    -------------------
                         (clock sys_clk_pin rise edge)
                                                      0.000     0.000 r  
    W5                                                0.000     0.000 r  clock (IN)
                         net (fo=0)                   0.000     0.000    clock
    W5                   IBUF (Prop_ibuf_I_O)         0.226     0.226 r  clock_IBUF_inst/O
                         net (fo=1, routed)           0.631     0.858    clock_IBUF
    BUFGCTRL_X0Y0        BUFG (Prop_bufg_I_O)         0.026     0.884 r  clock_IBUF_BUFG_inst/O
                         net (fo=18, routed)          0.585     1.468    clock_IBUF_BUFG
    SLICE_X0Y21          FDCE                                         r  count_reg[8]/C
  -------------------------------------------------------------------    -------------------
    SLICE_X0Y21          FDCE (Prop_fdce_C_Q)         0.141     1.609 r  count_reg[8]/Q
                         net (fo=1, routed)           0.176     1.786    count_reg_n_0_[8]
    SLICE_X0Y21          CARRY4 (Prop_carry4_S[0]_O[0])
                                                      0.115     1.901 r  count_reg[8]_i_1/O[0]
                         net (fo=1, routed)           0.000     1.901    count_reg[8]_i_1_n_7
    SLICE_X0Y21          FDCE                                         r  count_reg[8]/D
  -------------------------------------------------------------------    -------------------

                         (clock sys_clk_pin rise edge)
                                                      0.000     0.000 r  
    W5                                                0.000     0.000 r  clock (IN)
                         net (fo=0)                   0.000     0.000    clock
    W5                   IBUF (Prop_ibuf_I_O)         0.414     0.414 r  clock_IBUF_inst/O
                         net (fo=1, routed)           0.685     1.099    clock_IBUF
    BUFGCTRL_X0Y0        BUFG (Prop_bufg_I_O)         0.029     1.128 r  clock_IBUF_BUFG_inst/O
                         net (fo=18, routed)          0.854     1.981    clock_IBUF_BUFG
    SLICE_X0Y21          FDCE                                         r  count_reg[8]/C
                         clock pessimism             -0.513     1.468    
    SLICE_X0Y21          FDCE (Hold_fdce_C_D)         0.105     1.573    count_reg[8]
  -------------------------------------------------------------------
                         required time                         -1.573    
                         arrival time                           1.901    
  -------------------------------------------------------------------
                         slack                                  0.327    

Slack (MET) :             0.327ns  (arrival time - required time)
  Source:                 count_reg[4]/C
                            (rising edge-triggered cell FDCE clocked by sys_clk_pin  {rise@0.000ns fall@5.000ns period=10.000ns})
  Destination:            count_reg[4]/D
                            (rising edge-triggered cell FDCE clocked by sys_clk_pin  {rise@0.000ns fall@5.000ns period=10.000ns})
  Path Group:             sys_clk_pin
  Path Type:              Hold (Min at Fast Process Corner)
  Requirement:            0.000ns  (sys_clk_pin rise@0.000ns - sys_clk_pin rise@0.000ns)
  Data Path Delay:        0.432ns  (logic 0.256ns (59.199%)  route 0.176ns (40.801%))
  Logic Levels:           1  (CARRY4=1)
  Clock Path Skew:        0.000ns (DCD - SCD - CPR)
    Destination Clock Delay (DCD):    1.982ns
    Source Clock Delay      (SCD):    1.469ns
    Clock Pessimism Removal (CPR):    0.513ns

    Location             Delay type                Incr(ns)  Path(ns)    Netlist Resource(s)
  -------------------------------------------------------------------    -------------------
                         (clock sys_clk_pin rise edge)
                                                      0.000     0.000 r  
    W5                                                0.000     0.000 r  clock (IN)
                         net (fo=0)                   0.000     0.000    clock
    W5                   IBUF (Prop_ibuf_I_O)         0.226     0.226 r  clock_IBUF_inst/O
                         net (fo=1, routed)           0.631     0.858    clock_IBUF
    BUFGCTRL_X0Y0        BUFG (Prop_bufg_I_O)         0.026     0.884 r  clock_IBUF_BUFG_inst/O
                         net (fo=18, routed)          0.586     1.469    clock_IBUF_BUFG
    SLICE_X0Y20          FDCE                                         r  count_reg[4]/C
  -------------------------------------------------------------------    -------------------
    SLICE_X0Y20          FDCE (Prop_fdce_C_Q)         0.141     1.610 r  count_reg[4]/Q
                         net (fo=1, routed)           0.176     1.787    count_reg_n_0_[4]
    SLICE_X0Y20          CARRY4 (Prop_carry4_S[0]_O[0])
                                                      0.115     1.902 r  count_reg[4]_i_1/O[0]
                         net (fo=1, routed)           0.000     1.902    count_reg[4]_i_1_n_7
    SLICE_X0Y20          FDCE                                         r  count_reg[4]/D
  -------------------------------------------------------------------    -------------------

                         (clock sys_clk_pin rise edge)
                                                      0.000     0.000 r  
    W5                                                0.000     0.000 r  clock (IN)
                         net (fo=0)                   0.000     0.000    clock
    W5                   IBUF (Prop_ibuf_I_O)         0.414     0.414 r  clock_IBUF_inst/O
                         net (fo=1, routed)           0.685     1.099    clock_IBUF
    BUFGCTRL_X0Y0        BUFG (Prop_bufg_I_O)         0.029     1.128 r  clock_IBUF_BUFG_inst/O
                         net (fo=18, routed)          0.855     1.982    clock_IBUF_BUFG
    SLICE_X0Y20          FDCE                                         r  count_reg[4]/C
                         clock pessimism             -0.513     1.469    
    SLICE_X0Y20          FDCE (Hold_fdce_C_D)         0.105     1.574    count_reg[4]
  -------------------------------------------------------------------
                         required time                         -1.574    
                         arrival time                           1.902    
  -------------------------------------------------------------------
                         slack                                  0.327    

Slack (MET) :             0.340ns  (arrival time - required time)
  Source:                 count_reg[16]/C
                            (rising edge-triggered cell FDCE clocked by sys_clk_pin  {rise@0.000ns fall@5.000ns period=10.000ns})
  Destination:            count_reg[16]/D
                            (rising edge-triggered cell FDCE clocked by sys_clk_pin  {rise@0.000ns fall@5.000ns period=10.000ns})
  Path Group:             sys_clk_pin
  Path Type:              Hold (Min at Fast Process Corner)
  Requirement:            0.000ns  (sys_clk_pin rise@0.000ns - sys_clk_pin rise@0.000ns)
  Data Path Delay:        0.445ns  (logic 0.256ns (57.575%)  route 0.189ns (42.425%))
  Logic Levels:           1  (CARRY4=1)
  Clock Path Skew:        0.000ns (DCD - SCD - CPR)
    Destination Clock Delay (DCD):    1.978ns
    Source Clock Delay      (SCD):    1.466ns
    Clock Pessimism Removal (CPR):    0.512ns

    Location             Delay type                Incr(ns)  Path(ns)    Netlist Resource(s)
  -------------------------------------------------------------------    -------------------
                         (clock sys_clk_pin rise edge)
                                                      0.000     0.000 r  
    W5                                                0.000     0.000 r  clock (IN)
                         net (fo=0)                   0.000     0.000    clock
    W5                   IBUF (Prop_ibuf_I_O)         0.226     0.226 r  clock_IBUF_inst/O
                         net (fo=1, routed)           0.631     0.858    clock_IBUF
    BUFGCTRL_X0Y0        BUFG (Prop_bufg_I_O)         0.026     0.884 r  clock_IBUF_BUFG_inst/O
                         net (fo=18, routed)          0.583     1.466    clock_IBUF_BUFG
    SLICE_X0Y23          FDCE                                         r  count_reg[16]/C
  -------------------------------------------------------------------    -------------------
    SLICE_X0Y23          FDCE (Prop_fdce_C_Q)         0.141     1.607 r  count_reg[16]/Q
                         net (fo=9, routed)           0.189     1.796    p_0_in[0]
    SLICE_X0Y23          CARRY4 (Prop_carry4_S[0]_O[0])
                                                      0.115     1.911 r  count_reg[16]_i_1/O[0]
                         net (fo=1, routed)           0.000     1.911    count_reg[16]_i_1_n_7
    SLICE_X0Y23          FDCE                                         r  count_reg[16]/D
  -------------------------------------------------------------------    -------------------

                         (clock sys_clk_pin rise edge)
                                                      0.000     0.000 r  
    W5                                                0.000     0.000 r  clock (IN)
                         net (fo=0)                   0.000     0.000    clock
    W5                   IBUF (Prop_ibuf_I_O)         0.414     0.414 r  clock_IBUF_inst/O
                         net (fo=1, routed)           0.685     1.099    clock_IBUF
    BUFGCTRL_X0Y0        BUFG (Prop_bufg_I_O)         0.029     1.128 r  clock_IBUF_BUFG_inst/O
                         net (fo=18, routed)          0.851     1.978    clock_IBUF_BUFG
    SLICE_X0Y23          FDCE                                         r  count_reg[16]/C
                         clock pessimism             -0.512     1.466    
    SLICE_X0Y23          FDCE (Hold_fdce_C_D)         0.105     1.571    count_reg[16]
  -------------------------------------------------------------------
                         required time                         -1.571    
                         arrival time                           1.911    
  -------------------------------------------------------------------
                         slack                                  0.340    

Slack (MET) :             0.360ns  (arrival time - required time)
  Source:                 count_reg[0]/C
                            (rising edge-triggered cell FDCE clocked by sys_clk_pin  {rise@0.000ns fall@5.000ns period=10.000ns})
  Destination:            count_reg[1]/D
                            (rising edge-triggered cell FDCE clocked by sys_clk_pin  {rise@0.000ns fall@5.000ns period=10.000ns})
  Path Group:             sys_clk_pin
  Path Type:              Hold (Min at Fast Process Corner)
  Requirement:            0.000ns  (sys_clk_pin rise@0.000ns - sys_clk_pin rise@0.000ns)
  Data Path Delay:        0.465ns  (logic 0.292ns (62.850%)  route 0.173ns (37.150%))
  Logic Levels:           2  (CARRY4=1 LUT1=1)
  Clock Path Skew:        0.000ns (DCD - SCD - CPR)
    Destination Clock Delay (DCD):    1.983ns
    Source Clock Delay      (SCD):    1.470ns
    Clock Pessimism Removal (CPR):    0.513ns

    Location             Delay type                Incr(ns)  Path(ns)    Netlist Resource(s)
  -------------------------------------------------------------------    -------------------
                         (clock sys_clk_pin rise edge)
                                                      0.000     0.000 r  
    W5                                                0.000     0.000 r  clock (IN)
                         net (fo=0)                   0.000     0.000    clock
    W5                   IBUF (Prop_ibuf_I_O)         0.226     0.226 r  clock_IBUF_inst/O
                         net (fo=1, routed)           0.631     0.858    clock_IBUF
    BUFGCTRL_X0Y0        BUFG (Prop_bufg_I_O)         0.026     0.884 r  clock_IBUF_BUFG_inst/O
                         net (fo=18, routed)          0.587     1.470    clock_IBUF_BUFG
    SLICE_X0Y19          FDCE                                         r  count_reg[0]/C
  -------------------------------------------------------------------    -------------------
    SLICE_X0Y19          FDCE (Prop_fdce_C_Q)         0.141     1.611 f  count_reg[0]/Q
                         net (fo=1, routed)           0.173     1.784    count_reg_n_0_[0]
    SLICE_X0Y19          LUT1 (Prop_lut1_I0_O)        0.045     1.829 r  count[0]_i_2/O
                         net (fo=1, routed)           0.000     1.829    count[0]_i_2_n_0
    SLICE_X0Y19          CARRY4 (Prop_carry4_S[0]_O[1])
                                                      0.106     1.935 r  count_reg[0]_i_1/O[1]
                         net (fo=1, routed)           0.000     1.935    count_reg[0]_i_1_n_6
    SLICE_X0Y19          FDCE                                         r  count_reg[1]/D
  -------------------------------------------------------------------    -------------------

                         (clock sys_clk_pin rise edge)
                                                      0.000     0.000 r  
    W5                                                0.000     0.000 r  clock (IN)
                         net (fo=0)                   0.000     0.000    clock
    W5                   IBUF (Prop_ibuf_I_O)         0.414     0.414 r  clock_IBUF_inst/O
                         net (fo=1, routed)           0.685     1.099    clock_IBUF
    BUFGCTRL_X0Y0        BUFG (Prop_bufg_I_O)         0.029     1.128 r  clock_IBUF_BUFG_inst/O
                         net (fo=18, routed)          0.856     1.983    clock_IBUF_BUFG
    SLICE_X0Y19          FDCE                                         r  count_reg[1]/C
                         clock pessimism             -0.513     1.470    
    SLICE_X0Y19          FDCE (Hold_fdce_C_D)         0.105     1.575    count_reg[1]
  -------------------------------------------------------------------
                         required time                         -1.575    
                         arrival time                           1.935    
  -------------------------------------------------------------------
                         slack                                  0.360    

Slack (MET) :             0.363ns  (arrival time - required time)
  Source:                 count_reg[12]/C
                            (rising edge-triggered cell FDCE clocked by sys_clk_pin  {rise@0.000ns fall@5.000ns period=10.000ns})
  Destination:            count_reg[13]/D
                            (rising edge-triggered cell FDCE clocked by sys_clk_pin  {rise@0.000ns fall@5.000ns period=10.000ns})
  Path Group:             sys_clk_pin
  Path Type:              Hold (Min at Fast Process Corner)
  Requirement:            0.000ns  (sys_clk_pin rise@0.000ns - sys_clk_pin rise@0.000ns)
  Data Path Delay:        0.468ns  (logic 0.292ns (62.334%)  route 0.176ns (37.666%))
  Logic Levels:           1  (CARRY4=1)
  Clock Path Skew:        0.000ns (DCD - SCD - CPR)
    Destination Clock Delay (DCD):    1.980ns
    Source Clock Delay      (SCD):    1.468ns
    Clock Pessimism Removal (CPR):    0.512ns

    Location             Delay type                Incr(ns)  Path(ns)    Netlist Resource(s)
  -------------------------------------------------------------------    -------------------
                         (clock sys_clk_pin rise edge)
                                                      0.000     0.000 r  
    W5                                                0.000     0.000 r  clock (IN)
                         net (fo=0)                   0.000     0.000    clock
    W5                   IBUF (Prop_ibuf_I_O)         0.226     0.226 r  clock_IBUF_inst/O
                         net (fo=1, routed)           0.631     0.858    clock_IBUF
    BUFGCTRL_X0Y0        BUFG (Prop_bufg_I_O)         0.026     0.884 r  clock_IBUF_BUFG_inst/O
                         net (fo=18, routed)          0.585     1.468    clock_IBUF_BUFG
    SLICE_X0Y22          FDCE                                         r  count_reg[12]/C
  -------------------------------------------------------------------    -------------------
    SLICE_X0Y22          FDCE (Prop_fdce_C_Q)         0.141     1.609 r  count_reg[12]/Q
                         net (fo=1, routed)           0.176     1.786    count_reg_n_0_[12]
    SLICE_X0Y22          CARRY4 (Prop_carry4_S[0]_O[1])
                                                      0.151     1.937 r  count_reg[12]_i_1/O[1]
                         net (fo=1, routed)           0.000     1.937    count_reg[12]_i_1_n_6
    SLICE_X0Y22          FDCE                                         r  count_reg[13]/D
  -------------------------------------------------------------------    -------------------

                         (clock sys_clk_pin rise edge)
                                                      0.000     0.000 r  
    W5                                                0.000     0.000 r  clock (IN)
                         net (fo=0)                   0.000     0.000    clock
    W5                   IBUF (Prop_ibuf_I_O)         0.414     0.414 r  clock_IBUF_inst/O
                         net (fo=1, routed)           0.685     1.099    clock_IBUF
    BUFGCTRL_X0Y0        BUFG (Prop_bufg_I_O)         0.029     1.128 r  clock_IBUF_BUFG_inst/O
                         net (fo=18, routed)          0.853     1.980    clock_IBUF_BUFG
    SLICE_X0Y22          FDCE                                         r  count_reg[13]/C
                         clock pessimism             -0.512     1.468    
    SLICE_X0Y22          FDCE (Hold_fdce_C_D)         0.105     1.573    count_reg[13]
  -------------------------------------------------------------------
                         required time                         -1.573    
                         arrival time                           1.937    
  -------------------------------------------------------------------
                         slack                                  0.363    

Slack (MET) :             0.363ns  (arrival time - required time)
  Source:                 count_reg[8]/C
                            (rising edge-triggered cell FDCE clocked by sys_clk_pin  {rise@0.000ns fall@5.000ns period=10.000ns})
  Destination:            count_reg[9]/D
                            (rising edge-triggered cell FDCE clocked by sys_clk_pin  {rise@0.000ns fall@5.000ns period=10.000ns})
  Path Group:             sys_clk_pin
  Path Type:              Hold (Min at Fast Process Corner)
  Requirement:            0.000ns  (sys_clk_pin rise@0.000ns - sys_clk_pin rise@0.000ns)
  Data Path Delay:        0.468ns  (logic 0.292ns (62.334%)  route 0.176ns (37.666%))
  Logic Levels:           1  (CARRY4=1)
  Clock Path Skew:        0.000ns (DCD - SCD - CPR)
    Destination Clock Delay (DCD):    1.981ns
    Source Clock Delay      (SCD):    1.468ns
    Clock Pessimism Removal (CPR):    0.513ns

    Location             Delay type                Incr(ns)  Path(ns)    Netlist Resource(s)
  -------------------------------------------------------------------    -------------------
                         (clock sys_clk_pin rise edge)
                                                      0.000     0.000 r  
    W5                                                0.000     0.000 r  clock (IN)
                         net (fo=0)                   0.000     0.000    clock
    W5                   IBUF (Prop_ibuf_I_O)         0.226     0.226 r  clock_IBUF_inst/O
                         net (fo=1, routed)           0.631     0.858    clock_IBUF
    BUFGCTRL_X0Y0        BUFG (Prop_bufg_I_O)         0.026     0.884 r  clock_IBUF_BUFG_inst/O
                         net (fo=18, routed)          0.585     1.468    clock_IBUF_BUFG
    SLICE_X0Y21          FDCE                                         r  count_reg[8]/C
  -------------------------------------------------------------------    -------------------
    SLICE_X0Y21          FDCE (Prop_fdce_C_Q)         0.141     1.609 r  count_reg[8]/Q
                         net (fo=1, routed)           0.176     1.786    count_reg_n_0_[8]
    SLICE_X0Y21          CARRY4 (Prop_carry4_S[0]_O[1])
                                                      0.151     1.937 r  count_reg[8]_i_1/O[1]
                         net (fo=1, routed)           0.000     1.937    count_reg[8]_i_1_n_6
    SLICE_X0Y21          FDCE                                         r  count_reg[9]/D
  -------------------------------------------------------------------    -------------------

                         (clock sys_clk_pin rise edge)
                                                      0.000     0.000 r  
    W5                                                0.000     0.000 r  clock (IN)
                         net (fo=0)                   0.000     0.000    clock
    W5                   IBUF (Prop_ibuf_I_O)         0.414     0.414 r  clock_IBUF_inst/O
                         net (fo=1, routed)           0.685     1.099    clock_IBUF
    BUFGCTRL_X0Y0        BUFG (Prop_bufg_I_O)         0.029     1.128 r  clock_IBUF_BUFG_inst/O
                         net (fo=18, routed)          0.854     1.981    clock_IBUF_BUFG
    SLICE_X0Y21          FDCE                                         r  count_reg[9]/C
                         clock pessimism             -0.513     1.468    
    SLICE_X0Y21          FDCE (Hold_fdce_C_D)         0.105     1.573    count_reg[9]
  -------------------------------------------------------------------
                         required time                         -1.573    
                         arrival time                           1.937    
  -------------------------------------------------------------------
                         slack                                  0.363    

Slack (MET) :             0.363ns  (arrival time - required time)
  Source:                 count_reg[4]/C
                            (rising edge-triggered cell FDCE clocked by sys_clk_pin  {rise@0.000ns fall@5.000ns period=10.000ns})
  Destination:            count_reg[5]/D
                            (rising edge-triggered cell FDCE clocked by sys_clk_pin  {rise@0.000ns fall@5.000ns period=10.000ns})
  Path Group:             sys_clk_pin
  Path Type:              Hold (Min at Fast Process Corner)
  Requirement:            0.000ns  (sys_clk_pin rise@0.000ns - sys_clk_pin rise@0.000ns)
  Data Path Delay:        0.468ns  (logic 0.292ns (62.334%)  route 0.176ns (37.666%))
  Logic Levels:           1  (CARRY4=1)
  Clock Path Skew:        0.000ns (DCD - SCD - CPR)
    Destination Clock Delay (DCD):    1.982ns
    Source Clock Delay      (SCD):    1.469ns
    Clock Pessimism Removal (CPR):    0.513ns

    Location             Delay type                Incr(ns)  Path(ns)    Netlist Resource(s)
  -------------------------------------------------------------------    -------------------
                         (clock sys_clk_pin rise edge)
                                                      0.000     0.000 r  
    W5                                                0.000     0.000 r  clock (IN)
                         net (fo=0)                   0.000     0.000    clock
    W5                   IBUF (Prop_ibuf_I_O)         0.226     0.226 r  clock_IBUF_inst/O
                         net (fo=1, routed)           0.631     0.858    clock_IBUF
    BUFGCTRL_X0Y0        BUFG (Prop_bufg_I_O)         0.026     0.884 r  clock_IBUF_BUFG_inst/O
                         net (fo=18, routed)          0.586     1.469    clock_IBUF_BUFG
    SLICE_X0Y20          FDCE                                         r  count_reg[4]/C
  -------------------------------------------------------------------    -------------------
    SLICE_X0Y20          FDCE (Prop_fdce_C_Q)         0.141     1.610 r  count_reg[4]/Q
                         net (fo=1, routed)           0.176     1.787    count_reg_n_0_[4]
    SLICE_X0Y20          CARRY4 (Prop_carry4_S[0]_O[1])
                                                      0.151     1.938 r  count_reg[4]_i_1/O[1]
                         net (fo=1, routed)           0.000     1.938    count_reg[4]_i_1_n_6
    SLICE_X0Y20          FDCE                                         r  count_reg[5]/D
  -------------------------------------------------------------------    -------------------

                         (clock sys_clk_pin rise edge)
                                                      0.000     0.000 r  
    W5                                                0.000     0.000 r  clock (IN)
                         net (fo=0)                   0.000     0.000    clock
    W5                   IBUF (Prop_ibuf_I_O)         0.414     0.414 r  clock_IBUF_inst/O
                         net (fo=1, routed)           0.685     1.099    clock_IBUF
    BUFGCTRL_X0Y0        BUFG (Prop_bufg_I_O)         0.029     1.128 r  clock_IBUF_BUFG_inst/O
                         net (fo=18, routed)          0.855     1.982    clock_IBUF_BUFG
    SLICE_X0Y20          FDCE                                         r  count_reg[5]/C
                         clock pessimism             -0.513     1.469    
    SLICE_X0Y20          FDCE (Hold_fdce_C_D)         0.105     1.574    count_reg[5]
  -------------------------------------------------------------------
                         required time                         -1.574    
                         arrival time                           1.938    
  -------------------------------------------------------------------
                         slack                                  0.363    

Slack (MET) :             0.376ns  (arrival time - required time)
  Source:                 count_reg[16]/C
                            (rising edge-triggered cell FDCE clocked by sys_clk_pin  {rise@0.000ns fall@5.000ns period=10.000ns})
  Destination:            count_reg[17]/D
                            (rising edge-triggered cell FDCE clocked by sys_clk_pin  {rise@0.000ns fall@5.000ns period=10.000ns})
  Path Group:             sys_clk_pin
  Path Type:              Hold (Min at Fast Process Corner)
  Requirement:            0.000ns  (sys_clk_pin rise@0.000ns - sys_clk_pin rise@0.000ns)
  Data Path Delay:        0.481ns  (logic 0.292ns (60.752%)  route 0.189ns (39.248%))
  Logic Levels:           1  (CARRY4=1)
  Clock Path Skew:        0.000ns (DCD - SCD - CPR)
    Destination Clock Delay (DCD):    1.978ns
    Source Clock Delay      (SCD):    1.466ns
    Clock Pessimism Removal (CPR):    0.512ns

    Location             Delay type                Incr(ns)  Path(ns)    Netlist Resource(s)
  -------------------------------------------------------------------    -------------------
                         (clock sys_clk_pin rise edge)
                                                      0.000     0.000 r  
    W5                                                0.000     0.000 r  clock (IN)
                         net (fo=0)                   0.000     0.000    clock
    W5                   IBUF (Prop_ibuf_I_O)         0.226     0.226 r  clock_IBUF_inst/O
                         net (fo=1, routed)           0.631     0.858    clock_IBUF
    BUFGCTRL_X0Y0        BUFG (Prop_bufg_I_O)         0.026     0.884 r  clock_IBUF_BUFG_inst/O
                         net (fo=18, routed)          0.583     1.466    clock_IBUF_BUFG
    SLICE_X0Y23          FDCE                                         r  count_reg[16]/C
  -------------------------------------------------------------------    -------------------
    SLICE_X0Y23          FDCE (Prop_fdce_C_Q)         0.141     1.607 r  count_reg[16]/Q
                         net (fo=9, routed)           0.189     1.796    p_0_in[0]
    SLICE_X0Y23          CARRY4 (Prop_carry4_S[0]_O[1])
                                                      0.151     1.947 r  count_reg[16]_i_1/O[1]
                         net (fo=1, routed)           0.000     1.947    count_reg[16]_i_1_n_6
    SLICE_X0Y23          FDCE                                         r  count_reg[17]/D
  -------------------------------------------------------------------    -------------------

                         (clock sys_clk_pin rise edge)
                                                      0.000     0.000 r  
    W5                                                0.000     0.000 r  clock (IN)
                         net (fo=0)                   0.000     0.000    clock
    W5                   IBUF (Prop_ibuf_I_O)         0.414     0.414 r  clock_IBUF_inst/O
                         net (fo=1, routed)           0.685     1.099    clock_IBUF
    BUFGCTRL_X0Y0        BUFG (Prop_bufg_I_O)         0.029     1.128 r  clock_IBUF_BUFG_inst/O
                         net (fo=18, routed)          0.851     1.978    clock_IBUF_BUFG
    SLICE_X0Y23          FDCE                                         r  count_reg[17]/C
                         clock pessimism             -0.512     1.466    
    SLICE_X0Y23          FDCE (Hold_fdce_C_D)         0.105     1.571    count_reg[17]
  -------------------------------------------------------------------
                         required time                         -1.571    
                         arrival time                           1.947    
  -------------------------------------------------------------------
                         slack                                  0.376    





Pulse Width Checks
--------------------------------------------------------------------------------------
Clock Name:         sys_clk_pin
Waveform(ns):       { 0.000 5.000 }
Period(ns):         10.000
Sources:            { clock }

Check Type        Corner  Lib Pin  Reference Pin  Required(ns)  Actual(ns)  Slack(ns)  Location       Pin
Min Period        n/a     BUFG/I   n/a            2.155         10.000      7.845      BUFGCTRL_X0Y0  clock_IBUF_BUFG_inst/I
Min Period        n/a     FDCE/C   n/a            1.000         10.000      9.000      SLICE_X0Y19    count_reg[0]/C
Min Period        n/a     FDCE/C   n/a            1.000         10.000      9.000      SLICE_X0Y21    count_reg[10]/C
Min Period        n/a     FDCE/C   n/a            1.000         10.000      9.000      SLICE_X0Y21    count_reg[11]/C
Min Period        n/a     FDCE/C   n/a            1.000         10.000      9.000      SLICE_X0Y22    count_reg[12]/C
Min Period        n/a     FDCE/C   n/a            1.000         10.000      9.000      SLICE_X0Y22    count_reg[13]/C
Min Period        n/a     FDCE/C   n/a            1.000         10.000      9.000      SLICE_X0Y22    count_reg[14]/C
Min Period        n/a     FDCE/C   n/a            1.000         10.000      9.000      SLICE_X0Y22    count_reg[15]/C
Min Period        n/a     FDCE/C   n/a            1.000         10.000      9.000      SLICE_X0Y23    count_reg[16]/C
Min Period        n/a     FDCE/C   n/a            1.000         10.000      9.000      SLICE_X0Y23    count_reg[17]/C
Low Pulse Width   Slow    FDCE/C   n/a            0.500         5.000       4.500      SLICE_X0Y19    count_reg[0]/C
Low Pulse Width   Slow    FDCE/C   n/a            0.500         5.000       4.500      SLICE_X0Y21    count_reg[10]/C
Low Pulse Width   Fast    FDCE/C   n/a            0.500         5.000       4.500      SLICE_X0Y21    count_reg[10]/C
Low Pulse Width   Slow    FDCE/C   n/a            0.500         5.000       4.500      SLICE_X0Y21    count_reg[11]/C
Low Pulse Width   Fast    FDCE/C   n/a            0.500         5.000       4.500      SLICE_X0Y21    count_reg[11]/C
Low Pulse Width   Fast    FDCE/C   n/a            0.500         5.000       4.500      SLICE_X0Y22    count_reg[12]/C
Low Pulse Width   Fast    FDCE/C   n/a            0.500         5.000       4.500      SLICE_X0Y22    count_reg[13]/C
Low Pulse Width   Fast    FDCE/C   n/a            0.500         5.000       4.500      SLICE_X0Y22    count_reg[14]/C
Low Pulse Width   Fast    FDCE/C   n/a            0.500         5.000       4.500      SLICE_X0Y22    count_reg[15]/C
Low Pulse Width   Fast    FDCE/C   n/a            0.500         5.000       4.500      SLICE_X0Y23    count_reg[16]/C
High Pulse Width  Slow    FDCE/C   n/a            0.500         5.000       4.500      SLICE_X0Y22    count_reg[12]/C
High Pulse Width  Slow    FDCE/C   n/a            0.500         5.000       4.500      SLICE_X0Y22    count_reg[13]/C
High Pulse Width  Slow    FDCE/C   n/a            0.500         5.000       4.500      SLICE_X0Y22    count_reg[14]/C
High Pulse Width  Slow    FDCE/C   n/a            0.500         5.000       4.500      SLICE_X0Y22    count_reg[15]/C
High Pulse Width  Slow    FDCE/C   n/a            0.500         5.000       4.500      SLICE_X0Y23    count_reg[16]/C
High Pulse Width  Slow    FDCE/C   n/a            0.500         5.000       4.500      SLICE_X0Y23    count_reg[17]/C
High Pulse Width  Fast    FDCE/C   n/a            0.500         5.000       4.500      SLICE_X0Y19    count_reg[0]/C
High Pulse Width  Slow    FDCE/C   n/a            0.500         5.000       4.500      SLICE_X0Y21    count_reg[10]/C
High Pulse Width  Fast    FDCE/C   n/a            0.500         5.000       4.500      SLICE_X0Y21    count_reg[10]/C
High Pulse Width  Slow    FDCE/C   n/a            0.500         5.000       4.500      SLICE_X0Y21    count_reg[11]/C



